Determining if the pthread_create exist failed with the following output:
Change Dir: /opt/project/stardraw_forklift_carry/CMakeFiles/CMakeTmp

Run Build Command:"/usr/bin/make" "cmTC_f4b35/fast"
/usr/bin/make -f CMakeFiles/cmTC_f4b35.dir/build.make CMakeFiles/cmTC_f4b35.dir/build
make[1]: Entering directory '/opt/project/stardraw_forklift_carry/CMakeFiles/CMakeTmp'
Building C object CMakeFiles/cmTC_f4b35.dir/CheckSymbolExists.c.o
/usr/bin/cc    -fPIC    -o CMakeFiles/cmTC_f4b35.dir/CheckSymbolExists.c.o   -c /opt/project/stardraw_forklift_carry/CMakeFiles/CMakeTmp/CheckSymbolExists.c
Linking C executable cmTC_f4b35
/usr/bin/cmake -E cmake_link_script CMakeFiles/cmTC_f4b35.dir/link.txt --verbose=1
/usr/bin/cc  -fPIC     CMakeFiles/cmTC_f4b35.dir/CheckSymbolExists.c.o  -o cmTC_f4b35 
CMakeFiles/cmTC_f4b35.dir/CheckSymbolExists.c.o: In function `main':
CheckSymbolExists.c:(.text+0x14): undefined reference to `pthread_create'
CheckSymbolExists.c:(.text+0x18): undefined reference to `pthread_create'
collect2: error: ld returned 1 exit status
CMakeFiles/cmTC_f4b35.dir/build.make:97: recipe for target 'cmTC_f4b35' failed
make[1]: *** [cmTC_f4b35] Error 1
make[1]: Leaving directory '/opt/project/stardraw_forklift_carry/CMakeFiles/CMakeTmp'
Makefile:126: recipe for target 'cmTC_f4b35/fast' failed
make: *** [cmTC_f4b35/fast] Error 2

File /opt/project/stardraw_forklift_carry/CMakeFiles/CMakeTmp/CheckSymbolExists.c:
/* */
#include <pthread.h>

int main(int argc, char** argv)
{
  (void)argv;
#ifndef pthread_create
  return ((int*)(&pthread_create))[argc];
#else
  (void)argc;
  return 0;
#endif
}

Determining if the function pthread_create exists in the pthreads failed with the following output:
Change Dir: /opt/project/stardraw_forklift_carry/CMakeFiles/CMakeTmp

Run Build Command:"/usr/bin/make" "cmTC_b0757/fast"
/usr/bin/make -f CMakeFiles/cmTC_b0757.dir/build.make CMakeFiles/cmTC_b0757.dir/build
make[1]: Entering directory '/opt/project/stardraw_forklift_carry/CMakeFiles/CMakeTmp'
Building C object CMakeFiles/cmTC_b0757.dir/CheckFunctionExists.c.o
/usr/bin/cc    -fPIC -DCHECK_FUNCTION_EXISTS=pthread_create   -o CMakeFiles/cmTC_b0757.dir/CheckFunctionExists.c.o   -c /usr/share/cmake-3.5/Modules/CheckFunctionExists.c
Linking C executable cmTC_b0757
/usr/bin/cmake -E cmake_link_script CMakeFiles/cmTC_b0757.dir/link.txt --verbose=1
/usr/bin/cc  -fPIC -DCHECK_FUNCTION_EXISTS=pthread_create    CMakeFiles/cmTC_b0757.dir/CheckFunctionExists.c.o  -o cmTC_b0757 -lpthreads 
/usr/bin/ld: cannot find -lpthreads
collect2: error: ld returned 1 exit status
CMakeFiles/cmTC_b0757.dir/build.make:97: recipe for target 'cmTC_b0757' failed
make[1]: *** [cmTC_b0757] Error 1
make[1]: Leaving directory '/opt/project/stardraw_forklift_carry/CMakeFiles/CMakeTmp'
Makefile:126: recipe for target 'cmTC_b0757/fast' failed
make: *** [cmTC_b0757/fast] Error 2


Determining if the pthread_create exist failed with the following output:
Change Dir: /opt/project/stardraw_forklift_carry/CMakeFiles/CMakeTmp

Run Build Command:"/usr/bin/make" "cmTC_73fc8/fast"
/usr/bin/make -f CMakeFiles/cmTC_73fc8.dir/build.make CMakeFiles/cmTC_73fc8.dir/build
make[1]: Entering directory '/opt/project/stardraw_forklift_carry/CMakeFiles/CMakeTmp'
Building C object CMakeFiles/cmTC_73fc8.dir/CheckSymbolExists.c.o
/usr/bin/cc    -fPIC    -o CMakeFiles/cmTC_73fc8.dir/CheckSymbolExists.c.o   -c /opt/project/stardraw_forklift_carry/CMakeFiles/CMakeTmp/CheckSymbolExists.c
Linking C executable cmTC_73fc8
/usr/bin/cmake -E cmake_link_script CMakeFiles/cmTC_73fc8.dir/link.txt --verbose=1
/usr/bin/cc  -fPIC     CMakeFiles/cmTC_73fc8.dir/CheckSymbolExists.c.o  -o cmTC_73fc8 
CMakeFiles/cmTC_73fc8.dir/CheckSymbolExists.c.o: In function `main':
CheckSymbolExists.c:(.text+0x14): undefined reference to `pthread_create'
CheckSymbolExists.c:(.text+0x18): undefined reference to `pthread_create'
collect2: error: ld returned 1 exit status
CMakeFiles/cmTC_73fc8.dir/build.make:97: recipe for target 'cmTC_73fc8' failed
make[1]: *** [cmTC_73fc8] Error 1
make[1]: Leaving directory '/opt/project/stardraw_forklift_carry/CMakeFiles/CMakeTmp'
Makefile:126: recipe for target 'cmTC_73fc8/fast' failed
make: *** [cmTC_73fc8/fast] Error 2

File /opt/project/stardraw_forklift_carry/CMakeFiles/CMakeTmp/CheckSymbolExists.c:
/* */
#include <pthread.h>

int main(int argc, char** argv)
{
  (void)argv;
#ifndef pthread_create
  return ((int*)(&pthread_create))[argc];
#else
  (void)argc;
  return 0;
#endif
}

Determining if the function pthread_create exists in the pthreads failed with the following output:
Change Dir: /opt/project/stardraw_forklift_carry/CMakeFiles/CMakeTmp

Run Build Command:"/usr/bin/make" "cmTC_084c4/fast"
/usr/bin/make -f CMakeFiles/cmTC_084c4.dir/build.make CMakeFiles/cmTC_084c4.dir/build
make[1]: Entering directory '/opt/project/stardraw_forklift_carry/CMakeFiles/CMakeTmp'
Building C object CMakeFiles/cmTC_084c4.dir/CheckFunctionExists.c.o
/usr/bin/cc    -fPIC -DCHECK_FUNCTION_EXISTS=pthread_create   -o CMakeFiles/cmTC_084c4.dir/CheckFunctionExists.c.o   -c /usr/share/cmake-3.5/Modules/CheckFunctionExists.c
Linking C executable cmTC_084c4
/usr/bin/cmake -E cmake_link_script CMakeFiles/cmTC_084c4.dir/link.txt --verbose=1
/usr/bin/cc  -fPIC -DCHECK_FUNCTION_EXISTS=pthread_create    CMakeFiles/cmTC_084c4.dir/CheckFunctionExists.c.o  -o cmTC_084c4 -lpthreads 
/usr/bin/ld: cannot find -lpthreads
collect2: error: ld returned 1 exit status
CMakeFiles/cmTC_084c4.dir/build.make:97: recipe for target 'cmTC_084c4' failed
make[1]: *** [cmTC_084c4] Error 1
make[1]: Leaving directory '/opt/project/stardraw_forklift_carry/CMakeFiles/CMakeTmp'
Makefile:126: recipe for target 'cmTC_084c4/fast' failed
make: *** [cmTC_084c4/fast] Error 2


Determining if the pthread_create exist failed with the following output:
Change Dir: /opt/project/fork/CMakeFiles/CMakeTmp

Run Build Command:"/usr/bin/make" "cmTC_c6a76/fast"
/usr/bin/make -f CMakeFiles/cmTC_c6a76.dir/build.make CMakeFiles/cmTC_c6a76.dir/build
make[1]: Entering directory '/opt/project/fork/CMakeFiles/CMakeTmp'
Building C object CMakeFiles/cmTC_c6a76.dir/CheckSymbolExists.c.o
/usr/bin/cc    -fPIC    -o CMakeFiles/cmTC_c6a76.dir/CheckSymbolExists.c.o   -c /opt/project/fork/CMakeFiles/CMakeTmp/CheckSymbolExists.c
Linking C executable cmTC_c6a76
/usr/bin/cmake -E cmake_link_script CMakeFiles/cmTC_c6a76.dir/link.txt --verbose=1
/usr/bin/cc  -fPIC     CMakeFiles/cmTC_c6a76.dir/CheckSymbolExists.c.o  -o cmTC_c6a76 
CMakeFiles/cmTC_c6a76.dir/CheckSymbolExists.c.o: In function `main':
CheckSymbolExists.c:(.text+0x14): undefined reference to `pthread_create'
CheckSymbolExists.c:(.text+0x18): undefined reference to `pthread_create'
collect2: error: ld returned 1 exit status
CMakeFiles/cmTC_c6a76.dir/build.make:97: recipe for target 'cmTC_c6a76' failed
make[1]: *** [cmTC_c6a76] Error 1
make[1]: Leaving directory '/opt/project/fork/CMakeFiles/CMakeTmp'
Makefile:126: recipe for target 'cmTC_c6a76/fast' failed
make: *** [cmTC_c6a76/fast] Error 2

File /opt/project/fork/CMakeFiles/CMakeTmp/CheckSymbolExists.c:
/* */
#include <pthread.h>

int main(int argc, char** argv)
{
  (void)argv;
#ifndef pthread_create
  return ((int*)(&pthread_create))[argc];
#else
  (void)argc;
  return 0;
#endif
}

Determining if the function pthread_create exists in the pthreads failed with the following output:
Change Dir: /opt/project/fork/CMakeFiles/CMakeTmp

Run Build Command:"/usr/bin/make" "cmTC_e4ae7/fast"
/usr/bin/make -f CMakeFiles/cmTC_e4ae7.dir/build.make CMakeFiles/cmTC_e4ae7.dir/build
make[1]: Entering directory '/opt/project/fork/CMakeFiles/CMakeTmp'
Building C object CMakeFiles/cmTC_e4ae7.dir/CheckFunctionExists.c.o
/usr/bin/cc    -fPIC -DCHECK_FUNCTION_EXISTS=pthread_create   -o CMakeFiles/cmTC_e4ae7.dir/CheckFunctionExists.c.o   -c /usr/share/cmake-3.5/Modules/CheckFunctionExists.c
Linking C executable cmTC_e4ae7
/usr/bin/cmake -E cmake_link_script CMakeFiles/cmTC_e4ae7.dir/link.txt --verbose=1
/usr/bin/cc  -fPIC -DCHECK_FUNCTION_EXISTS=pthread_create    CMakeFiles/cmTC_e4ae7.dir/CheckFunctionExists.c.o  -o cmTC_e4ae7 -lpthreads 
/usr/bin/ld: cannot find -lpthreads
collect2: error: ld returned 1 exit status
CMakeFiles/cmTC_e4ae7.dir/build.make:97: recipe for target 'cmTC_e4ae7' failed
make[1]: *** [cmTC_e4ae7] Error 1
make[1]: Leaving directory '/opt/project/fork/CMakeFiles/CMakeTmp'
Makefile:126: recipe for target 'cmTC_e4ae7/fast' failed
make: *** [cmTC_e4ae7/fast] Error 2


